build/app/outputs/mapping/release/seeds.txt
com.softwareFitariki.fitariki.MainActivity
com.softwareFitariki.fitariki.MainActivity: MainActivity()
...
com.google.android.gms.internal.firebase-auth-api.zzqj: zzqj()
com.google.android.gms.internal.maps.zzj: int zzi()
com.google.android.gms.internal.measurement.zzlb: com.google.android.gms.internal.measurement.zzli zzbI(com.google.android.gms.internal.measurement.zzli)
com.google.android.gms.internal.maps.zzl: int zzi()
com.google.android.gms.tasks.zzp: void zzd(com.google.android.gms.tasks.Task)
com.google.android.gms.internal.measurement.zzae: java.util.Iterator iterator()
com.google.android.gms.internal.firebase-auth-api.zzajn: int zzb()
com.google.android.gms.internal.firebase-auth-api.zzafz: zzafz(java.lang.String,java.lang.String)
com.google.android.gms.internal.measurement.zzlp: void add(int,java.lang.Object)
com.google.android.gms.internal.firebase-auth-api.zzcb: com.google.android.gms.internal.firebase-auth-api.zzbd zza(java.lang.String)
com.google.android.gms.internal.auth-api-phone.zzb: zzb(android.os.IBinder,java.lang.String)
com.google.android.gms.internal.firebase-auth-api.zzwu: int zzk()
com.google.android.gms.internal.measurement.zzgk: com.google.android.gms.internal.measurement.zzgk zze()
com.google.android.recaptcha.internal.zzis: java.lang.Object getKey()
com.google.android.gms.internal.maps.zzag: void zzx(java.util.List)
io.flutter.plugin.editing.ImeSyncDeferringInsetsCallback: ImeSyncDeferringInsetsCallback(android.view.View)
com.pichillilorenzo.flutter_inappwebview.webview.WebViewChannelDelegate: void onUpdateVisitedHistory(java.lang.String,boolean)
com.google.android.gms.internal.measurement.zzhu: java.lang.Object zza(java.lang.Object)
com.google.android.material.textfield.MaterialAutoCompleteTextView: void setSimpleItemSelectedColor(int)
androidx.swiperefreshlayout.widget.SwipeRefreshLayout: void onLayout(boolean,int,int,int,int)
com.google.android.recaptcha.internal.zzbm: java.util.Map zzc()
com.google.android.gms.internal.firebase-auth-api.zzdx: com.google.android.gms.internal.firebase-auth-api.zzdx zzb(com.google.android.gms.internal.firebase-auth-api.zzzq)
com.google.android.gms.internal.firebase-auth-api.zzzp: com.google.android.gms.internal.firebase-auth-api.zzzp zza(java.math.BigInteger,com.google.android.gms.internal.firebase-auth-api.zzcr)
com.pichillilorenzo.flutter_inappwebview.service_worker.ServiceWorkerManager: void setServiceWorkerClient(java.lang.Boolean)
com.pichillilorenzo.flutter_inappwebview.webview.WebViewChannelDelegate$PermissionRequestCallback: com.pichillilorenzo.flutter_inappwebview.types.PermissionResponse decodeResult(java.lang.Object)
com.google.android.gms.internal.firebase-auth-api.zzly: com.google.android.gms.internal.firebase-auth-api.zzwh zzb()
com.google.android.recaptcha.internal.zzmu: java.lang.Object zzh(int,java.lang.Object,java.lang.Object)
com.google.android.gms.tasks.zzj: com.google.android.gms.tasks.OnCompleteListener zza(com.google.android.gms.tasks.zzj)
com.pichillilorenzo.flutter_inappwebview.webview.JavaScriptBridgeInterface$2$2: void defaultBehaviour(java.lang.Object)
com.google.android.gms.internal.firebase-auth-api.zzjl: zzjl()
com.pichillilorenzo.flutter_inappwebview.types.AndroidResource: java.lang.String toString()
androidx.swiperefreshlayout.widget.SwipeRefreshLayout: boolean onNestedPreFling(android.view.View,float,float)
com.google.android.gms.internal.firebase-auth-api.zzbx: zzbx(com.google.android.gms.internal.firebase-auth-api.zzbn,com.google.android.gms.internal.firebase-auth-api.zzbu,int,boolean,com.google.android.gms.internal.firebase-auth-api.zzbw)
com.google.android.material.textfield.TextInputLayout: void setEndIconOnLongClickListener(android.view.View$OnLongClickListener)
com.google.android.material.floatingactionbutton.FloatingActionButton$Behavior: FloatingActionButton$Behavior()
androidx.vectordrawable.graphics.drawable.VectorDrawableCompat$VPathRenderer: void setAlpha(float)
com.google.android.recaptcha.internal.zzfb: long zzo()